<?xml version="1.0" encoding="UTF-8"?>
<!-- Generated by org.testng.reporters.JUnitReportReporter -->
<testsuite skipped="0" hostname="DESKTOP-48CJMGQ" name="TestNG_Annotations.TestNG_2" tests="1" failures="0" timestamp="15 Feb 2018 12:30:44 GMT" time="5.206" errors="0">
  <testcase name="login" time="5.206" classname="TestNG_Annotations.TestNG_2"/>
</testsuite> <!-- TestNG_Annotations.TestNG_2 -->
