<?xml version="1.0" encoding="UTF-8"?>
<!-- Generated by org.testng.reporters.JUnitReportReporter -->
<testsuite skipped="0" hostname="DESKTOP-48CJMGQ" name="InterviewQuestions.Calendar_JavaScript" tests="1" failures="0" timestamp="08 Mar 2018 13:18:38 GMT" time="0.269" errors="0">
  <testcase name="CalendarJS" time="0.269" classname="InterviewQuestions.Calendar_JavaScript"/>
</testsuite> <!-- InterviewQuestions.Calendar_JavaScript -->
