<?xml version="1.0" encoding="UTF-8"?>
<!-- Generated by org.testng.reporters.JUnitReportReporter -->
<testsuite skipped="0" hostname="DESKTOP-48CJMGQ" name="InterviewQuestions.KeyPressEvent" tests="1" failures="0" timestamp="25 Jun 2018 03:29:37 GMT" time="10.677" errors="0">
  <testcase name="keyPressEvent" time="10.677" classname="InterviewQuestions.KeyPressEvent"/>
</testsuite> <!-- InterviewQuestions.KeyPressEvent -->
