<?xml version="1.0" encoding="UTF-8"?>
<!-- Generated by org.testng.reporters.JUnitReportReporter -->
<testsuite skipped="0" hostname="DESKTOP-48CJMGQ" name="InterviewQuestions.HandleDynamicTable" tests="1" failures="0" timestamp="12 Feb 2018 00:36:33 GMT" time="6.535" errors="0">
  <testcase name="dynamicTable" time="6.535" classname="InterviewQuestions.HandleDynamicTable"/>
</testsuite> <!-- InterviewQuestions.HandleDynamicTable -->
