<?xml version="1.0" encoding="UTF-8"?>
<!-- Generated by org.testng.reporters.JUnitReportReporter -->
<testsuite skipped="0" hostname="DESKTOP-48CJMGQ" name="InterviewQuestions.Implicit_Explicit_Wait" tests="1" failures="0" timestamp="13 Jun 2018 03:21:04 GMT" time="8.163" errors="0">
  <testcase name="signUp" time="8.163" classname="InterviewQuestions.Implicit_Explicit_Wait"/>
</testsuite> <!-- InterviewQuestions.Implicit_Explicit_Wait -->
