<?xml version="1.0" encoding="UTF-8"?>
<!-- Generated by org.testng.reporters.JUnitReportReporter -->
<testsuite skipped="2" hostname="DESKTOP-48CJMGQ" name="InterviewQuestions.MouseMovement" tests="3" failures="0" timestamp="11 Feb 2018 05:08:25 GMT" time="3.081" errors="0">
  <testcase name="waitFunctionality" time="3.081" classname="InterviewQuestions.MouseMovement"/>
  <testcase name="MouseOver" classname="InterviewQuestions.MouseMovement">
    <skipped/>
  </testcase> <!-- MouseOver -->
  <testcase name="DragAndDrop" classname="InterviewQuestions.MouseMovement">
    <skipped/>
  </testcase> <!-- DragAndDrop -->
</testsuite> <!-- InterviewQuestions.MouseMovement -->
