<?xml version="1.0" encoding="UTF-8"?>
<!-- Generated by org.testng.reporters.JUnitReportReporter -->
<testsuite skipped="0" hostname="DESKTOP-48CJMGQ" name="InterviewQuestions.GoogleSearch" tests="1" failures="0" timestamp="08 Feb 2018 03:47:17 GMT" time="8.575" errors="0">
  <testcase name="dynamicSearch" time="8.575" classname="InterviewQuestions.GoogleSearch"/>
</testsuite> <!-- InterviewQuestions.GoogleSearch -->
