<?xml version="1.0" encoding="UTF-8"?>
<!-- Generated by org.testng.reporters.JUnitReportReporter -->
<testsuite skipped="0" hostname="DESKTOP-48CJMGQ" name="InterviewQuestions.JavaScriptExecutor" tests="2" failures="0" timestamp="11 Feb 2018 18:39:19 GMT" time="0.534" errors="0">
  <testcase name="teardown" time="0.001" classname="InterviewQuestions.JavaScriptExecutor"/>
  <testcase name="framehandle" time="0.533" classname="InterviewQuestions.JavaScriptExecutor"/>
</testsuite> <!-- InterviewQuestions.JavaScriptExecutor -->
