<?xml version="1.0" encoding="UTF-8"?>
<!-- Generated by org.testng.reporters.JUnitReportReporter -->
<testsuite skipped="0" hostname="DESKTOP-48CJMGQ" name="InterviewQuestions.HandleModelPopUp_ChatBox" tests="1" failures="0" timestamp="14 Feb 2018 12:39:50 GMT" time="10.295" errors="0">
  <testcase name="ChatBox" time="10.295" classname="InterviewQuestions.HandleModelPopUp_ChatBox"/>
</testsuite> <!-- InterviewQuestions.HandleModelPopUp_ChatBox -->
