<?xml version="1.0" encoding="UTF-8"?>
<!-- Generated by org.testng.reporters.JUnitReportReporter -->
<testsuite skipped="0" hostname="DESKTOP-48CJMGQ" name="InterviewQuestions.Calendar_JavaScript" tests="1" failures="0" timestamp="12 Feb 2018 03:10:34 GMT" time="0.057" errors="0">
  <testcase name="CalendarJS" time="0.057" classname="InterviewQuestions.Calendar_JavaScript"/>
</testsuite> <!-- InterviewQuestions.Calendar_JavaScript -->
