<?xml version="1.0" encoding="UTF-8"?>
<!-- Generated by org.testng.reporters.JUnitReportReporter -->
<testsuite skipped="0" hostname="DESKTOP-48CJMGQ" name="InterviewQuestions.Navigate_Back_Forward" tests="1" failures="0" timestamp="13 Jun 2018 02:14:20 GMT" time="10.903" errors="0">
  <testcase name="navigate" time="10.903" classname="InterviewQuestions.Navigate_Back_Forward"/>
</testsuite> <!-- InterviewQuestions.Navigate_Back_Forward -->
