<?xml version="1.0" encoding="UTF-8"?>
<!-- Generated by org.testng.reporters.JUnitReportReporter -->
<testsuite skipped="0" hostname="DESKTOP-48CJMGQ" name="TestNG_Annotations.TestNG_Parameters" tests="1" failures="0" timestamp="15 Feb 2018 12:32:16 GMT" time="6.711" errors="0">
  <testcase name="login" time="6.711" classname="TestNG_Annotations.TestNG_Parameters"/>
</testsuite> <!-- TestNG_Annotations.TestNG_Parameters -->
