<?xml version="1.0" encoding="UTF-8"?>
<!-- Generated by org.testng.reporters.JUnitReportReporter -->
<testsuite skipped="1" hostname="DESKTOP-48CJMGQ" name="InterviewQuestions.Wait_Screenshot_Navigation" tests="2" failures="0" timestamp="11 Feb 2018 15:58:58 GMT" time="2.119" errors="0">
  <testcase name="screenshot" time="2.119" classname="InterviewQuestions.Wait_Screenshot_Navigation"/>
  <testcase name="navigation" classname="InterviewQuestions.Wait_Screenshot_Navigation">
    <skipped/>
  </testcase> <!-- navigation -->
</testsuite> <!-- InterviewQuestions.Wait_Screenshot_Navigation -->
