<?xml version="1.0" encoding="UTF-8"?>
<!-- Generated by org.testng.reporters.JUnitReportReporter -->
<testsuite skipped="9" hostname="DESKTOP-48CJMGQ" name="TestNG_Annotations.TestNG_Annotations_1" tests="9" failures="0" timestamp="15 Feb 2018 12:18:49 GMT" time="0.002" errors="0">
  <testcase name="TestMethod1" time="0.000" classname="TestNG_Annotations.TestNG_Annotations_1">
    <skipped/>
  </testcase> <!-- TestMethod1 -->
  <testcase name="TestMethod2" time="0.002" classname="TestNG_Annotations.TestNG_Annotations_1">
    <skipped/>
  </testcase> <!-- TestMethod2 -->
  <testcase name="TestMethod3" time="0.000" classname="TestNG_Annotations.TestNG_Annotations_1">
    <skipped/>
  </testcase> <!-- TestMethod3 -->
  <testcase name="TestMethod3" time="0.000" classname="TestNG_Annotations.TestNG_Annotations_1">
    <skipped/>
  </testcase> <!-- TestMethod3 -->
  <testcase name="TestMethod3" time="0.000" classname="TestNG_Annotations.TestNG_Annotations_1">
    <skipped/>
  </testcase> <!-- TestMethod3 -->
  <testcase name="TestMethod3" time="0.000" classname="TestNG_Annotations.TestNG_Annotations_1">
    <skipped/>
  </testcase> <!-- TestMethod3 -->
  <testcase name="TestMethod3" time="0.000" classname="TestNG_Annotations.TestNG_Annotations_1">
    <skipped/>
  </testcase> <!-- TestMethod3 -->
  <testcase name="TestMethod4" time="0.000" classname="TestNG_Annotations.TestNG_Annotations_1">
    <skipped/>
  </testcase> <!-- TestMethod4 -->
  <testcase name="TestMethod5" time="0.000" classname="TestNG_Annotations.TestNG_Annotations_1">
    <skipped/>
  </testcase> <!-- TestMethod5 -->
</testsuite> <!-- TestNG_Annotations.TestNG_Annotations_1 -->
