<?xml version="1.0" encoding="UTF-8"?>
<!-- Generated by org.testng.reporters.JUnitReportReporter -->
<testsuite skipped="0" hostname="DESKTOP-48CJMGQ" name="InterviewQuestions.FrameHandling" tests="1" failures="0" timestamp="11 Feb 2018 04:26:50 GMT" time="5.914" errors="0">
  <testcase name="framehandle" time="5.914" classname="InterviewQuestions.FrameHandling"/>
</testsuite> <!-- InterviewQuestions.FrameHandling -->
