<?xml version="1.0" encoding="UTF-8"?>
<!-- Generated by org.testng.reporters.JUnitReportReporter -->
<testsuite skipped="2" hostname="DESKTOP-48CJMGQ" name="InterviewQuestions.Alert_PopUp" tests="3" failures="0" timestamp="11 Feb 2018 16:57:00 GMT" time="12.765" errors="0">
  <testcase name="browser_Popup" time="12.765" classname="InterviewQuestions.Alert_PopUp"/>
  <testcase name="alert_Popup" classname="InterviewQuestions.Alert_PopUp">
    <skipped/>
  </testcase> <!-- alert_Popup -->
  <testcase name="Windows_Popup" classname="InterviewQuestions.Alert_PopUp">
    <skipped/>
  </testcase> <!-- Windows_Popup -->
</testsuite> <!-- InterviewQuestions.Alert_PopUp -->
