<?xml version="1.0" encoding="UTF-8"?>
<!-- Generated by org.testng.reporters.JUnitReportReporter -->
<testsuite skipped="0" hostname="DESKTOP-48CJMGQ" name="InterviewQuestions.Bootstrap_Dropdown" tests="1" failures="0" timestamp="12 Feb 2018 03:40:28 GMT" time="0.724" errors="0">
  <testcase name="bootstrap" time="0.724" classname="InterviewQuestions.Bootstrap_Dropdown"/>
</testsuite> <!-- InterviewQuestions.Bootstrap_Dropdown -->
