<?xml version="1.0" encoding="UTF-8"?>
<!-- Generated by org.testng.reporters.JUnitReportReporter -->
<testsuite skipped="1" hostname="DESKTOP-48CJMGQ" name="InterviewQuestions.HandleJavaScript_AlertAndPopUp" tests="2" failures="0" timestamp="11 Feb 2018 04:05:28 GMT" time="16.752" errors="0">
  <testcase name="Windows_Popup" time="16.752" classname="InterviewQuestions.HandleJavaScript_AlertAndPopUp"/>
  <testcase name="alert_Popup" classname="InterviewQuestions.HandleJavaScript_AlertAndPopUp">
    <skipped/>
  </testcase> <!-- alert_Popup -->
</testsuite> <!-- InterviewQuestions.HandleJavaScript_AlertAndPopUp -->
